<?xml version="1.0" encoding="UTF-8"?>
<testsuites name="jest tests" tests="6" failures="0" errors="0" time="0.907">
  <testsuite name="sample.test.js" errors="0" failures="0" skipped="0" timestamp="2023-01-06T11:18:13" time="0.736" tests="6">
    <testcase classname="Backend Test" name="Register User Success" time="0.002">
    </testcase>
    <testcase classname="Backend Test" name="Register User Failed" time="0">
    </testcase>
    <testcase classname="Backend Test" name="Login User" time="0.001">
    </testcase>
    <testcase classname="Backend Test" name="Login User Failed" time="0.001">
    </testcase>
    <testcase classname="Backend Test" name="Upload Photo Success" time="0.001">
    </testcase>
    <testcase classname="Backend Test" name="Upload Photo Failed" time="0.001">
    </testcase>
  </testsuite>
</testsuites>